\BOOKMARK [0][-]{chapter*.2}{\376\377\000D\000a\000f\000t\000a\000r\000\040\000I\000s\000i}{}% 1
\BOOKMARK [0][-]{section*.3}{\376\377\000D\000a\000f\000t\000a\000r\000\040\000G\000a\000m\000b\000a\000r}{}% 2
\BOOKMARK [0][-]{section*.5}{\376\377\000D\000a\000f\000t\000a\000r\000\040\000T\000a\000b\000e\000l}{}% 3
\BOOKMARK [0][-]{chapter.1}{\376\377\000D\000o\000c\000u\000m\000e\000n\000t\000\040\000D\000a\000t\000a\000b\000a\000s\000e\000\040\000\050\000M\000o\000n\000g\000o\000D\000B\000\051\000\040\000d\000a\000n\000\040\000K\000e\000y\000-\000V\000a\000l\000u\000e\000\040\000S\000t\000o\000r\000e\000\040\000\050\000R\000e\000d\000i\000s\000\051}{}% 4
\BOOKMARK [1][-]{section.1.1}{\376\377\000T\000u\000j\000u\000a\000n}{chapter.1}% 5
\BOOKMARK [1][-]{section.1.2}{\376\377\000D\000a\000s\000a\000r\000\040\000T\000e\000o\000r\000i}{chapter.1}% 6
\BOOKMARK [1][-]{section.1.3}{\376\377\000A\000l\000a\000t\000\040\000d\000a\000n\000\040\000B\000a\000h\000a\000n}{chapter.1}% 7
\BOOKMARK [1][-]{section.1.4}{\376\377\000P\000r\000o\000s\000e\000d\000u\000r}{chapter.1}% 8
\BOOKMARK [2][-]{subsection.1.4.1}{\376\377\000B\000a\000g\000i\000a\000n\000\040\0001\000:\000\040\000M\000o\000n\000g\000o\000D\000B}{section.1.4}% 9
\BOOKMARK [2][-]{subsection.1.4.2}{\376\377\000B\000a\000g\000i\000a\000n\000\040\0002\000:\000\040\000R\000e\000d\000i\000s}{section.1.4}% 10
\BOOKMARK [1][-]{section.1.5}{\376\377\000S\000k\000e\000n\000a\000r\000i\000o}{chapter.1}% 11
\BOOKMARK [1][-]{section.1.6}{\376\377\000I\000n\000s\000t\000r\000u\000k\000s\000i\000\040\000P\000r\000a\000k\000t\000i\000k\000u\000m}{chapter.1}% 12
\BOOKMARK [1][-]{section.1.7}{\376\377\000I\000m\000p\000l\000e\000m\000e\000n\000t\000a\000s\000i}{chapter.1}% 13
\BOOKMARK [2][-]{subsection.1.7.1}{\376\377\000B\000a\000g\000i\000a\000n\000\040\0001\000:\000\040\000M\000o\000n\000g\000o\000D\000B\000\040\000-\000\040\000M\000a\000n\000a\000j\000e\000m\000e\000n\000\040\000K\000o\000n\000t\000e\000n\000\040\000B\000l\000o\000g}{section.1.7}% 14
\BOOKMARK [2][-]{subsection.1.7.2}{\376\377\000B\000a\000g\000i\000a\000n\000\040\0002\000:\000\040\000R\000e\000d\000i\000s\000\040\000-\000\040\000C\000a\000c\000h\000i\000n\000g\000\040\000V\000i\000e\000w\000\040\000C\000o\000u\000n\000t}{section.1.7}% 15
\BOOKMARK [1][-]{section.1.8}{\376\377\000A\000n\000a\000l\000i\000s\000i\000s}{chapter.1}% 16
\BOOKMARK [2][-]{subsection.1.8.1}{\376\377\000M\000o\000n\000g\000o\000D\000B}{section.1.8}% 17
\BOOKMARK [2][-]{subsection.1.8.2}{\376\377\000R\000e\000d\000i\000s}{section.1.8}% 18
\BOOKMARK [2][-]{subsection.1.8.3}{\376\377\000P\000e\000r\000b\000a\000n\000d\000i\000n\000g\000a\000n\000\040\000d\000e\000n\000g\000a\000n\000\040\000R\000D\000B\000M\000S}{section.1.8}% 19
\BOOKMARK [0][-]{chapter.2}{\376\377\000T\000i\000m\000e\000\040\000S\000e\000r\000i\000e\000s\000\040\000D\000a\000t\000a\000b\000a\000s\000e\000\040\000P\000r\000a\000k\000t\000i\000k\000u\000m}{}% 20
\BOOKMARK [1][-]{section.2.1}{\376\377\000T\000u\000j\000u\000a\000n}{chapter.2}% 21
\BOOKMARK [1][-]{section.2.2}{\376\377\000D\000a\000s\000a\000r\000\040\000T\000e\000o\000r\000i}{chapter.2}% 22
\BOOKMARK [1][-]{section.2.3}{\376\377\000A\000l\000a\000t\000\040\000d\000a\000n\000\040\000B\000a\000h\000a\000n}{chapter.2}% 23
\BOOKMARK [1][-]{section.2.4}{\376\377\000P\000r\000o\000s\000e\000d\000u\000r}{chapter.2}% 24
\BOOKMARK [1][-]{section.2.5}{\376\377\000S\000k\000e\000n\000a\000r\000i\000o\000:\000\040\000M\000o\000n\000i\000t\000o\000r\000i\000n\000g\000\040\000S\000u\000h\000u\000\040\000R\000u\000a\000n\000g\000a\000n\000\040\000d\000e\000n\000g\000a\000n\000\040\000I\000n\000f\000l\000u\000x\000D\000B}{chapter.2}% 25
\BOOKMARK [2][-]{subsection.2.5.1}{\376\377\000L\000a\000n\000g\000k\000a\000h\000-\000l\000a\000n\000g\000k\000a\000h}{section.2.5}% 26
\BOOKMARK [1][-]{section.2.6}{\376\377\000A\000n\000a\000l\000i\000s\000i\000s\000\040\000d\000a\000n\000\040\000D\000i\000s\000k\000u\000s\000i\000\040\000\050\0002\0000\000\040\000m\000e\000n\000i\000t\000\051}{chapter.2}% 27
\BOOKMARK [2][-]{subsection.2.6.1}{\376\377\000T\000i\000m\000e\000\040\000S\000e\000r\000i\000e\000s\000\040\000D\000a\000t\000a\000b\000a\000s\000e\000\040\000\050\000I\000n\000f\000l\000u\000x\000D\000B\000\051}{section.2.6}% 28
\BOOKMARK [2][-]{subsection.2.6.2}{\376\377\000P\000e\000r\000b\000a\000n\000d\000i\000n\000g\000a\000n\000\040\000d\000e\000n\000g\000a\000n\000\040\000R\000D\000B\000M\000S\000\040\000t\000r\000a\000d\000i\000s\000i\000o\000n\000a\000l}{section.2.6}% 29
\BOOKMARK [1][-]{section.2.7}{\376\377\000I\000n\000s\000t\000r\000u\000k\000s\000i\000\040\000u\000n\000t\000u\000k\000\040\000I\000n\000s\000t\000r\000u\000k\000t\000u\000r}{chapter.2}% 30
\BOOKMARK [0][-]{section*.22}{\376\377\000D\000a\000f\000t\000a\000r\000\040\000P\000u\000s\000t\000a\000k\000a}{}% 31
